Analysis & Synthesis report for iic_eeprom
Fri Feb 27 12:53:05 2026
Quartus Prime Version 22.1std.2 Build 922 07/20/2023 SC Lite Edition


---------------------
; Table of Contents ;
---------------------
  1. Legal Notice
  2. Analysis & Synthesis Summary
  3. Analysis & Synthesis Settings
  4. Parallel Compilation
  5. Analysis & Synthesis Source Files Read
  6. Analysis & Synthesis Resource Usage Summary
  7. Analysis & Synthesis Resource Utilization by Entity
  8. State Machine - |uart_eeprom_demo|eeprom2uart_control:u_eeprom2uart_control|state
  9. State Machine - |uart_eeprom_demo|eeprom_iic_drv:u_eeprom_iic_drv|c_state
 10. State Machine - |uart_eeprom_demo|uart2eeprom_control:u_uart2eeprom_control|state
 11. Registers Removed During Synthesis
 12. General Register Statistics
 13. Multiplexer Restructuring Statistics (Restructuring Performed)
 14. Parameter Settings for User Entity Instance: Top-level Entity: |uart_eeprom_demo
 15. Parameter Settings for User Entity Instance: uart_rx:u0_uart_rx
 16. Parameter Settings for User Entity Instance: uart2eeprom_control:u_uart2eeprom_control
 17. Parameter Settings for User Entity Instance: eeprom_iic_drv:u_eeprom_iic_drv
 18. Parameter Settings for User Entity Instance: eeprom2uart_control:u_eeprom2uart_control
 19. Parameter Settings for User Entity Instance: uart_tx:u1_uart_tx
 20. Port Connectivity Checks: "eeprom2uart_control:u_eeprom2uart_control"
 21. Port Connectivity Checks: "eeprom_iic_drv:u_eeprom_iic_drv"
 22. Port Connectivity Checks: "uart2eeprom_control:u_uart2eeprom_control"
 23. Post-Synthesis Netlist Statistics for Top Partition
 24. Elapsed Time Per Partition
 25. Analysis & Synthesis Messages



----------------
; Legal Notice ;
----------------
Copyright (C) 2023  Intel Corporation. All rights reserved.
Your use of Intel Corporation's design tools, logic functions 
and other software and tools, and any partner logic 
functions, and any output files from any of the foregoing 
(including device programming or simulation files), and any 
associated documentation or information are expressly subject 
to the terms and conditions of the Intel Program License 
Subscription Agreement, the Intel Quartus Prime License Agreement,
the Intel FPGA IP License Agreement, or other applicable license
agreement, including, without limitation, that your use is for
the sole purpose of programming logic devices manufactured by
Intel and sold by Intel or its authorized distributors.  Please
refer to the applicable agreement for further details, at
https://fpgasoftware.intel.com/eula.



+-------------------------------------------------------------------------------------+
; Analysis & Synthesis Summary                                                        ;
+------------------------------------+------------------------------------------------+
; Analysis & Synthesis Status        ; Successful - Fri Feb 27 12:53:05 2026          ;
; Quartus Prime Version              ; 22.1std.2 Build 922 07/20/2023 SC Lite Edition ;
; Revision Name                      ; iic_eeprom                                     ;
; Top-level Entity Name              ; uart_eeprom_demo                               ;
; Family                             ; Cyclone IV E                                   ;
; Total logic elements               ; 2,972                                          ;
;     Total combinational functions  ; 2,912                                          ;
;     Dedicated logic registers      ; 1,319                                          ;
; Total registers                    ; 1319                                           ;
; Total pins                         ; 6                                              ;
; Total virtual pins                 ; 0                                              ;
; Total memory bits                  ; 0                                              ;
; Embedded Multiplier 9-bit elements ; 0                                              ;
; Total PLLs                         ; 0                                              ;
+------------------------------------+------------------------------------------------+


+------------------------------------------------------------------------------------------------------------+
; Analysis & Synthesis Settings                                                                              ;
+------------------------------------------------------------------+--------------------+--------------------+
; Option                                                           ; Setting            ; Default Value      ;
+------------------------------------------------------------------+--------------------+--------------------+
; Device                                                           ; EP4CE6E22C8        ;                    ;
; Top-level entity name                                            ; uart_eeprom_demo   ; iic_eeprom         ;
; Family name                                                      ; Cyclone IV E       ; Cyclone V          ;
; Use smart compilation                                            ; Off                ; Off                ;
; Enable parallel Assembler and Timing Analyzer during compilation ; On                 ; On                 ;
; Enable compact report table                                      ; Off                ; Off                ;
; Restructure Multiplexers                                         ; Auto               ; Auto               ;
; Create Debugging Nodes for IP Cores                              ; Off                ; Off                ;
; Preserve fewer node names                                        ; On                 ; On                 ;
; Intel FPGA IP Evaluation Mode                                    ; Enable             ; Enable             ;
; Verilog Version                                                  ; Verilog_2001       ; Verilog_2001       ;
; VHDL Version                                                     ; VHDL_1993          ; VHDL_1993          ;
; State Machine Processing                                         ; Auto               ; Auto               ;
; Safe State Machine                                               ; Off                ; Off                ;
; Extract Verilog State Machines                                   ; On                 ; On                 ;
; Extract VHDL State Machines                                      ; On                 ; On                 ;
; Ignore Verilog initial constructs                                ; Off                ; Off                ;
; Iteration limit for constant Verilog loops                       ; 5000               ; 5000               ;
; Iteration limit for non-constant Verilog loops                   ; 250                ; 250                ;
; Add Pass-Through Logic to Inferred RAMs                          ; On                 ; On                 ;
; Infer RAMs from Raw Logic                                        ; On                 ; On                 ;
; Parallel Synthesis                                               ; On                 ; On                 ;
; DSP Block Balancing                                              ; Auto               ; Auto               ;
; NOT Gate Push-Back                                               ; On                 ; On                 ;
; Power-Up Don't Care                                              ; On                 ; On                 ;
; Remove Redundant Logic Cells                                     ; Off                ; Off                ;
; Remove Duplicate Registers                                       ; On                 ; On                 ;
; Ignore CARRY Buffers                                             ; Off                ; Off                ;
; Ignore CASCADE Buffers                                           ; Off                ; Off                ;
; Ignore GLOBAL Buffers                                            ; Off                ; Off                ;
; Ignore ROW GLOBAL Buffers                                        ; Off                ; Off                ;
; Ignore LCELL Buffers                                             ; Off                ; Off                ;
; Ignore SOFT Buffers                                              ; On                 ; On                 ;
; Limit AHDL Integers to 32 Bits                                   ; Off                ; Off                ;
; Optimization Technique                                           ; Balanced           ; Balanced           ;
; Carry Chain Length                                               ; 70                 ; 70                 ;
; Auto Carry Chains                                                ; On                 ; On                 ;
; Auto Open-Drain Pins                                             ; On                 ; On                 ;
; Perform WYSIWYG Primitive Resynthesis                            ; Off                ; Off                ;
; Auto ROM Replacement                                             ; On                 ; On                 ;
; Auto RAM Replacement                                             ; On                 ; On                 ;
; Auto DSP Block Replacement                                       ; On                 ; On                 ;
; Auto Shift Register Replacement                                  ; Auto               ; Auto               ;
; Allow Shift Register Merging across Hierarchies                  ; Auto               ; Auto               ;
; Auto Clock Enable Replacement                                    ; On                 ; On                 ;
; Strict RAM Replacement                                           ; Off                ; Off                ;
; Allow Synchronous Control Signals                                ; On                 ; On                 ;
; Force Use of Synchronous Clear Signals                           ; Off                ; Off                ;
; Auto RAM Block Balancing                                         ; On                 ; On                 ;
; Auto RAM to Logic Cell Conversion                                ; Off                ; Off                ;
; Auto Resource Sharing                                            ; Off                ; Off                ;
; Allow Any RAM Size For Recognition                               ; Off                ; Off                ;
; Allow Any ROM Size For Recognition                               ; Off                ; Off                ;
; Allow Any Shift Register Size For Recognition                    ; Off                ; Off                ;
; Use LogicLock Constraints during Resource Balancing              ; On                 ; On                 ;
; Ignore translate_off and synthesis_off directives                ; Off                ; Off                ;
; Timing-Driven Synthesis                                          ; On                 ; On                 ;
; Report Parameter Settings                                        ; On                 ; On                 ;
; Report Source Assignments                                        ; On                 ; On                 ;
; Report Connectivity Checks                                       ; On                 ; On                 ;
; Ignore Maximum Fan-Out Assignments                               ; Off                ; Off                ;
; Synchronization Register Chain Length                            ; 2                  ; 2                  ;
; Power Optimization During Synthesis                              ; Normal compilation ; Normal compilation ;
; HDL message level                                                ; Level2             ; Level2             ;
; Suppress Register Optimization Related Messages                  ; Off                ; Off                ;
; Number of Removed Registers Reported in Synthesis Report         ; 5000               ; 5000               ;
; Number of Swept Nodes Reported in Synthesis Report               ; 5000               ; 5000               ;
; Number of Inverted Registers Reported in Synthesis Report        ; 100                ; 100                ;
; Clock MUX Protection                                             ; On                 ; On                 ;
; Auto Gated Clock Conversion                                      ; Off                ; Off                ;
; Block Design Naming                                              ; Auto               ; Auto               ;
; SDC constraint protection                                        ; Off                ; Off                ;
; Synthesis Effort                                                 ; Auto               ; Auto               ;
; Shift Register Replacement - Allow Asynchronous Clear Signal     ; On                 ; On                 ;
; Pre-Mapping Resynthesis Optimization                             ; Off                ; Off                ;
; Analysis & Synthesis Message Level                               ; Medium             ; Medium             ;
; Disable Register Merging Across Hierarchies                      ; Auto               ; Auto               ;
; Resource Aware Inference For Block RAM                           ; On                 ; On                 ;
+------------------------------------------------------------------+--------------------+--------------------+


+------------------------------------------+
; Parallel Compilation                     ;
+----------------------------+-------------+
; Processors                 ; Number      ;
+----------------------------+-------------+
; Number detected on machine ; 16          ;
; Maximum allowed            ; 16          ;
;                            ;             ;
; Average used               ; 1.01        ;
; Maximum used               ; 16          ;
;                            ;             ;
; Usage by Processor         ; % Time Used ;
;     Processor 1            ; 100.0%      ;
;     Processor 2            ;   0.1%      ;
;     Processor 3            ;   0.1%      ;
;     Processor 4            ;   0.1%      ;
;     Processor 5            ;   0.1%      ;
;     Processor 6            ;   0.1%      ;
;     Processor 7            ;   0.1%      ;
;     Processor 8            ;   0.1%      ;
;     Processors 9-16        ;   0.0%      ;
+----------------------------+-------------+


+------------------------------------------------------------------------------------------------------------------------------------------------------------+
; Analysis & Synthesis Source Files Read                                                                                                                     ;
+----------------------------------+-----------------+------------------------+--------------------------------------------------------------------+---------+
; File Name with User-Entered Path ; Used in Netlist ; File Type              ; File Name with Absolute Path                                       ; Library ;
+----------------------------------+-----------------+------------------------+--------------------------------------------------------------------+---------+
; ../rtl/uart2eeprom_control.v     ; yes             ; User Verilog HDL File  ; D:/Software/FPGA/FPGA_Project/IIC_EEPROM/rtl/uart2eeprom_control.v ;         ;
; ../rtl/uart_tx_v3_f47.v          ; yes             ; User Verilog HDL File  ; D:/Software/FPGA/FPGA_Project/IIC_EEPROM/rtl/uart_tx_v3_f47.v      ;         ;
; ../rtl/uart_rx_v3_f47.v          ; yes             ; User Verilog HDL File  ; D:/Software/FPGA/FPGA_Project/IIC_EEPROM/rtl/uart_rx_v3_f47.v      ;         ;
; ../rtl/uart_eeprom_demo.v        ; yes             ; User Verilog HDL File  ; D:/Software/FPGA/FPGA_Project/IIC_EEPROM/rtl/uart_eeprom_demo.v    ;         ;
; ../rtl/eeprom2uart_control.v     ; yes             ; User Verilog HDL File  ; D:/Software/FPGA/FPGA_Project/IIC_EEPROM/rtl/eeprom2uart_control.v ;         ;
; ../rtl/eeprom_iic_drv_f47.v      ; yes             ; User Verilog HDL File  ; D:/Software/FPGA/FPGA_Project/IIC_EEPROM/rtl/eeprom_iic_drv_f47.v  ;         ;
+----------------------------------+-----------------+------------------------+--------------------------------------------------------------------+---------+


+---------------------------------------------------------+
; Analysis & Synthesis Resource Usage Summary             ;
+---------------------------------------------+-----------+
; Resource                                    ; Usage     ;
+---------------------------------------------+-----------+
; Estimated Total logic elements              ; 2,972     ;
;                                             ;           ;
; Total combinational functions               ; 2912      ;
; Logic element usage by number of LUT inputs ;           ;
;     -- 4 input functions                    ; 1607      ;
;     -- 3 input functions                    ; 80        ;
;     -- <=2 input functions                  ; 1225      ;
;                                             ;           ;
; Logic elements by mode                      ;           ;
;     -- normal mode                          ; 2809      ;
;     -- arithmetic mode                      ; 103       ;
;                                             ;           ;
; Total registers                             ; 1319      ;
;     -- Dedicated logic registers            ; 1319      ;
;     -- I/O registers                        ; 0         ;
;                                             ;           ;
; I/O pins                                    ; 6         ;
;                                             ;           ;
; Embedded Multiplier 9-bit elements          ; 0         ;
;                                             ;           ;
; Maximum fan-out node                        ; clk~input ;
; Maximum fan-out                             ; 1319      ;
; Total fan-out                               ; 13065     ;
; Average fan-out                             ; 3.08      ;
+---------------------------------------------+-----------+


+------------------------------------------------------------------------------------------------------------------------------------------------------------------------------------------------------------------------------------------------------------------------------+
; Analysis & Synthesis Resource Utilization by Entity                                                                                                                                                                                                                          ;
+------------------------------------------------+---------------------+---------------------------+-------------+--------------+---------+-----------+------+--------------+-------------------------------------------------------------+---------------------+--------------+
; Compilation Hierarchy Node                     ; Combinational ALUTs ; Dedicated Logic Registers ; Memory Bits ; DSP Elements ; DSP 9x9 ; DSP 18x18 ; Pins ; Virtual Pins ; Full Hierarchy Name                                         ; Entity Name         ; Library Name ;
+------------------------------------------------+---------------------+---------------------------+-------------+--------------+---------+-----------+------+--------------+-------------------------------------------------------------+---------------------+--------------+
; |uart_eeprom_demo                              ; 2912 (0)            ; 1319 (0)                  ; 0           ; 0            ; 0       ; 0         ; 6    ; 0            ; |uart_eeprom_demo                                           ; uart_eeprom_demo    ; work         ;
;    |eeprom2uart_control:u_eeprom2uart_control| ; 606 (606)           ; 610 (610)                 ; 0           ; 0            ; 0       ; 0         ; 0    ; 0            ; |uart_eeprom_demo|eeprom2uart_control:u_eeprom2uart_control ; eeprom2uart_control ; work         ;
;    |eeprom_iic_drv:u_eeprom_iic_drv|           ; 204 (204)           ; 75 (75)                   ; 0           ; 0            ; 0       ; 0         ; 0    ; 0            ; |uart_eeprom_demo|eeprom_iic_drv:u_eeprom_iic_drv           ; eeprom_iic_drv      ; work         ;
;    |uart2eeprom_control:u_uart2eeprom_control| ; 1665 (1665)         ; 565 (565)                 ; 0           ; 0            ; 0       ; 0         ; 0    ; 0            ; |uart_eeprom_demo|uart2eeprom_control:u_uart2eeprom_control ; uart2eeprom_control ; work         ;
;    |uart_rx:u0_uart_rx|                        ; 62 (62)             ; 38 (38)                   ; 0           ; 0            ; 0       ; 0         ; 0    ; 0            ; |uart_eeprom_demo|uart_rx:u0_uart_rx                        ; uart_rx             ; work         ;
;    |uart_tx:u1_uart_tx|                        ; 375 (375)           ; 31 (31)                   ; 0           ; 0            ; 0       ; 0         ; 0    ; 0            ; |uart_eeprom_demo|uart_tx:u1_uart_tx                        ; uart_tx             ; work         ;
+------------------------------------------------+---------------------+---------------------------+-------------+--------------+---------+-----------+------+--------------+-------------------------------------------------------------+---------------------+--------------+
Note: For table entries with two numbers listed, the numbers in parentheses indicate the number of resources of the given type used by the specific entity alone. The numbers listed outside of parentheses indicate the total resources of the given type used by the specific entity and all of its sub-entities in the hierarchy.


Encoding Type:  One-Hot
+------------------------------------------------------------------------------------------------------------------------------+
; State Machine - |uart_eeprom_demo|eeprom2uart_control:u_eeprom2uart_control|state                                            ;
+-------------------+-----------------+-----------------+----------------+-------------------+------------------+--------------+
; Name              ; state.S_TX_DONE ; state.S_TX_WAIT ; state.S_TX_REQ ; state.S_READ_WAIT ; state.S_READ_REQ ; state.S_IDLE ;
+-------------------+-----------------+-----------------+----------------+-------------------+------------------+--------------+
; state.S_IDLE      ; 0               ; 0               ; 0              ; 0                 ; 0                ; 0            ;
; state.S_READ_REQ  ; 0               ; 0               ; 0              ; 0                 ; 1                ; 1            ;
; state.S_READ_WAIT ; 0               ; 0               ; 0              ; 1                 ; 0                ; 1            ;
; state.S_TX_REQ    ; 0               ; 0               ; 1              ; 0                 ; 0                ; 1            ;
; state.S_TX_WAIT   ; 0               ; 1               ; 0              ; 0                 ; 0                ; 1            ;
; state.S_TX_DONE   ; 1               ; 0               ; 0              ; 0                 ; 0                ; 1            ;
+-------------------+-----------------+-----------------+----------------+-------------------+------------------+--------------+


Encoding Type:  One-Hot
+------------------------------------------------------------------------------------------------------------------------------------------------------------------------------------------------------------+
; State Machine - |uart_eeprom_demo|eeprom_iic_drv:u_eeprom_iic_drv|c_state                                                                                                                                  ;
+----------------------+---------------------+---------------------+-------------------+----------------------+--------------------+---------------------+-----------------+----------------+----------------+
; Name                 ; c_state.S_READ_BYTE ; c_state.S_DEV_RADDR ; c_state.S_RESTART ; c_state.S_WRITE_BYTE ; c_state.S_REG_ADDR ; c_state.S_DEV_WADDR ; c_state.S_START ; c_state.S_IDLE ; c_state.S_STOP ;
+----------------------+---------------------+---------------------+-------------------+----------------------+--------------------+---------------------+-----------------+----------------+----------------+
; c_state.S_IDLE       ; 0                   ; 0                   ; 0                 ; 0                    ; 0                  ; 0                   ; 0               ; 0              ; 0              ;
; c_state.S_START      ; 0                   ; 0                   ; 0                 ; 0                    ; 0                  ; 0                   ; 1               ; 1              ; 0              ;
; c_state.S_DEV_WADDR  ; 0                   ; 0                   ; 0                 ; 0                    ; 0                  ; 1                   ; 0               ; 1              ; 0              ;
; c_state.S_REG_ADDR   ; 0                   ; 0                   ; 0                 ; 0                    ; 1                  ; 0                   ; 0               ; 1              ; 0              ;
; c_state.S_WRITE_BYTE ; 0                   ; 0                   ; 0                 ; 1                    ; 0                  ; 0                   ; 0               ; 1              ; 0              ;
; c_state.S_RESTART    ; 0                   ; 0                   ; 1                 ; 0                    ; 0                  ; 0                   ; 0               ; 1              ; 0              ;
; c_state.S_DEV_RADDR  ; 0                   ; 1                   ; 0                 ; 0                    ; 0                  ; 0                   ; 0               ; 1              ; 0              ;
; c_state.S_READ_BYTE  ; 1                   ; 0                   ; 0                 ; 0                    ; 0                  ; 0                   ; 0               ; 1              ; 0              ;
; c_state.S_STOP       ; 0                   ; 0                   ; 0                 ; 0                    ; 0                  ; 0                   ; 0               ; 1              ; 1              ;
+----------------------+---------------------+---------------------+-------------------+----------------------+--------------------+---------------------+-----------------+----------------+----------------+


Encoding Type:  One-Hot
+-----------------------------------------------------------------------------------+
; State Machine - |uart_eeprom_demo|uart2eeprom_control:u_uart2eeprom_control|state ;
+--------------------+--------------+--------------------+--------------------------+
; Name               ; state.S_IDLE ; state.S_WRITE_WAIT ; state.S_WRITE_REQ        ;
+--------------------+--------------+--------------------+--------------------------+
; state.S_IDLE       ; 0            ; 0                  ; 0                        ;
; state.S_WRITE_REQ  ; 1            ; 0                  ; 1                        ;
; state.S_WRITE_WAIT ; 1            ; 1                  ; 0                        ;
+--------------------+--------------+--------------------+--------------------------+


+-------------------------------------------------------------------------------------------------------------------------------------------+
; Registers Removed During Synthesis                                                                                                        ;
+---------------------------------------------------------------+---------------------------------------------------------------------------+
; Register name                                                 ; Reason for Removal                                                        ;
+---------------------------------------------------------------+---------------------------------------------------------------------------+
; uart2eeprom_control:u_uart2eeprom_control|wr_byte_num_sub1[7] ; Lost fanout                                                               ;
; uart2eeprom_control:u_uart2eeprom_control|rx_data_shift[5][7] ; Merged with eeprom2uart_control:u_eeprom2uart_control|rx_data_shift[5][7] ;
; uart2eeprom_control:u_uart2eeprom_control|rx_data_shift[4][7] ; Merged with eeprom2uart_control:u_eeprom2uart_control|rx_data_shift[4][7] ;
; uart2eeprom_control:u_uart2eeprom_control|rx_data_shift[0][0] ; Merged with eeprom2uart_control:u_eeprom2uart_control|rx_data_shift[0][0] ;
; uart2eeprom_control:u_uart2eeprom_control|rx_data_shift[0][1] ; Merged with eeprom2uart_control:u_eeprom2uart_control|rx_data_shift[0][1] ;
; uart2eeprom_control:u_uart2eeprom_control|rx_data_shift[0][2] ; Merged with eeprom2uart_control:u_eeprom2uart_control|rx_data_shift[0][2] ;
; uart2eeprom_control:u_uart2eeprom_control|rx_data_shift[0][3] ; Merged with eeprom2uart_control:u_eeprom2uart_control|rx_data_shift[0][3] ;
; uart2eeprom_control:u_uart2eeprom_control|rx_data_shift[0][4] ; Merged with eeprom2uart_control:u_eeprom2uart_control|rx_data_shift[0][4] ;
; uart2eeprom_control:u_uart2eeprom_control|rx_data_shift[0][5] ; Merged with eeprom2uart_control:u_eeprom2uart_control|rx_data_shift[0][5] ;
; uart2eeprom_control:u_uart2eeprom_control|rx_data_shift[0][6] ; Merged with eeprom2uart_control:u_eeprom2uart_control|rx_data_shift[0][6] ;
; uart2eeprom_control:u_uart2eeprom_control|rx_data_shift[0][7] ; Merged with eeprom2uart_control:u_eeprom2uart_control|rx_data_shift[0][7] ;
; uart2eeprom_control:u_uart2eeprom_control|rx_data_shift[1][7] ; Merged with eeprom2uart_control:u_eeprom2uart_control|rx_data_shift[1][7] ;
; uart2eeprom_control:u_uart2eeprom_control|rx_data_shift[2][7] ; Merged with eeprom2uart_control:u_eeprom2uart_control|rx_data_shift[2][7] ;
; uart2eeprom_control:u_uart2eeprom_control|rx_data_shift[3][7] ; Merged with eeprom2uart_control:u_eeprom2uart_control|rx_data_shift[3][7] ;
; uart2eeprom_control:u_uart2eeprom_control|rx_data_shift[1][6] ; Merged with eeprom2uart_control:u_eeprom2uart_control|rx_data_shift[1][6] ;
; uart2eeprom_control:u_uart2eeprom_control|rx_data_shift[2][6] ; Merged with eeprom2uart_control:u_eeprom2uart_control|rx_data_shift[2][6] ;
; uart2eeprom_control:u_uart2eeprom_control|rx_data_shift[1][5] ; Merged with eeprom2uart_control:u_eeprom2uart_control|rx_data_shift[1][5] ;
; uart2eeprom_control:u_uart2eeprom_control|rx_data_shift[2][5] ; Merged with eeprom2uart_control:u_eeprom2uart_control|rx_data_shift[2][5] ;
; uart2eeprom_control:u_uart2eeprom_control|rx_data_shift[1][3] ; Merged with eeprom2uart_control:u_eeprom2uart_control|rx_data_shift[1][3] ;
; uart2eeprom_control:u_uart2eeprom_control|rx_data_shift[2][3] ; Merged with eeprom2uart_control:u_eeprom2uart_control|rx_data_shift[2][3] ;
; uart2eeprom_control:u_uart2eeprom_control|rx_data_shift[1][2] ; Merged with eeprom2uart_control:u_eeprom2uart_control|rx_data_shift[1][2] ;
; uart2eeprom_control:u_uart2eeprom_control|rx_data_shift[2][2] ; Merged with eeprom2uart_control:u_eeprom2uart_control|rx_data_shift[2][2] ;
; uart2eeprom_control:u_uart2eeprom_control|rx_data_shift[1][1] ; Merged with eeprom2uart_control:u_eeprom2uart_control|rx_data_shift[1][1] ;
; uart2eeprom_control:u_uart2eeprom_control|rx_data_shift[2][1] ; Merged with eeprom2uart_control:u_eeprom2uart_control|rx_data_shift[2][1] ;
; uart2eeprom_control:u_uart2eeprom_control|rx_data_shift[1][4] ; Merged with eeprom2uart_control:u_eeprom2uart_control|rx_data_shift[1][4] ;
; uart2eeprom_control:u_uart2eeprom_control|rx_data_shift[2][4] ; Merged with eeprom2uart_control:u_eeprom2uart_control|rx_data_shift[2][4] ;
; uart2eeprom_control:u_uart2eeprom_control|rx_data_shift[1][0] ; Merged with eeprom2uart_control:u_eeprom2uart_control|rx_data_shift[1][0] ;
; uart2eeprom_control:u_uart2eeprom_control|rx_data_shift[2][0] ; Merged with eeprom2uart_control:u_eeprom2uart_control|rx_data_shift[2][0] ;
; uart2eeprom_control:u_uart2eeprom_control|rx_data_shift[3][6] ; Merged with eeprom2uart_control:u_eeprom2uart_control|rx_data_shift[3][6] ;
; uart2eeprom_control:u_uart2eeprom_control|rx_data_shift[3][5] ; Merged with eeprom2uart_control:u_eeprom2uart_control|rx_data_shift[3][5] ;
; uart2eeprom_control:u_uart2eeprom_control|rx_data_shift[3][3] ; Merged with eeprom2uart_control:u_eeprom2uart_control|rx_data_shift[3][3] ;
; uart2eeprom_control:u_uart2eeprom_control|rx_data_shift[3][2] ; Merged with eeprom2uart_control:u_eeprom2uart_control|rx_data_shift[3][2] ;
; uart2eeprom_control:u_uart2eeprom_control|rx_data_shift[3][1] ; Merged with eeprom2uart_control:u_eeprom2uart_control|rx_data_shift[3][1] ;
; uart2eeprom_control:u_uart2eeprom_control|rx_data_shift[3][4] ; Merged with eeprom2uart_control:u_eeprom2uart_control|rx_data_shift[3][4] ;
; uart2eeprom_control:u_uart2eeprom_control|rx_data_shift[3][0] ; Merged with eeprom2uart_control:u_eeprom2uart_control|rx_data_shift[3][0] ;
; uart2eeprom_control:u_uart2eeprom_control|rx_data_shift[4][6] ; Merged with eeprom2uart_control:u_eeprom2uart_control|rx_data_shift[4][6] ;
; uart2eeprom_control:u_uart2eeprom_control|rx_data_shift[4][5] ; Merged with eeprom2uart_control:u_eeprom2uart_control|rx_data_shift[4][5] ;
; uart2eeprom_control:u_uart2eeprom_control|rx_data_shift[4][3] ; Merged with eeprom2uart_control:u_eeprom2uart_control|rx_data_shift[4][3] ;
; uart2eeprom_control:u_uart2eeprom_control|rx_data_shift[4][2] ; Merged with eeprom2uart_control:u_eeprom2uart_control|rx_data_shift[4][2] ;
; uart2eeprom_control:u_uart2eeprom_control|rx_data_shift[4][1] ; Merged with eeprom2uart_control:u_eeprom2uart_control|rx_data_shift[4][1] ;
; uart2eeprom_control:u_uart2eeprom_control|rx_data_shift[4][4] ; Merged with eeprom2uart_control:u_eeprom2uart_control|rx_data_shift[4][4] ;
; uart2eeprom_control:u_uart2eeprom_control|rx_data_shift[4][0] ; Merged with eeprom2uart_control:u_eeprom2uart_control|rx_data_shift[4][0] ;
; uart2eeprom_control:u_uart2eeprom_control|rx_data_shift[5][6] ; Merged with eeprom2uart_control:u_eeprom2uart_control|rx_data_shift[5][6] ;
; uart2eeprom_control:u_uart2eeprom_control|rx_data_shift[5][5] ; Merged with eeprom2uart_control:u_eeprom2uart_control|rx_data_shift[5][5] ;
; uart2eeprom_control:u_uart2eeprom_control|rx_data_shift[5][3] ; Merged with eeprom2uart_control:u_eeprom2uart_control|rx_data_shift[5][3] ;
; uart2eeprom_control:u_uart2eeprom_control|rx_data_shift[5][2] ; Merged with eeprom2uart_control:u_eeprom2uart_control|rx_data_shift[5][2] ;
; uart2eeprom_control:u_uart2eeprom_control|rx_data_shift[5][1] ; Merged with eeprom2uart_control:u_eeprom2uart_control|rx_data_shift[5][1] ;
; uart2eeprom_control:u_uart2eeprom_control|rx_data_shift[5][4] ; Merged with eeprom2uart_control:u_eeprom2uart_control|rx_data_shift[5][4] ;
; uart2eeprom_control:u_uart2eeprom_control|rx_data_shift[5][0] ; Merged with eeprom2uart_control:u_eeprom2uart_control|rx_data_shift[5][0] ;
; uart_tx:u1_uart_tx|tx_bits[0]                                 ; Stuck at GND due to stuck port data_in                                    ;
; eeprom2uart_control:u_eeprom2uart_control|state~2             ; Lost fanout                                                               ;
; eeprom2uart_control:u_eeprom2uart_control|state~3             ; Lost fanout                                                               ;
; eeprom2uart_control:u_eeprom2uart_control|state~4             ; Lost fanout                                                               ;
; eeprom_iic_drv:u_eeprom_iic_drv|c_state~2                     ; Lost fanout                                                               ;
; eeprom_iic_drv:u_eeprom_iic_drv|c_state~3                     ; Lost fanout                                                               ;
; eeprom_iic_drv:u_eeprom_iic_drv|c_state~4                     ; Lost fanout                                                               ;
; uart2eeprom_control:u_uart2eeprom_control|wr_byte_cnt[7]      ; Lost fanout                                                               ;
; Total Number of Removed Registers = 57                        ;                                                                           ;
+---------------------------------------------------------------+---------------------------------------------------------------------------+


+------------------------------------------------------+
; General Register Statistics                          ;
+----------------------------------------------+-------+
; Statistic                                    ; Value ;
+----------------------------------------------+-------+
; Total registers                              ; 1319  ;
; Number of registers using Synchronous Clear  ; 113   ;
; Number of registers using Synchronous Load   ; 3     ;
; Number of registers using Asynchronous Clear ; 0     ;
; Number of registers using Asynchronous Load  ; 0     ;
; Number of registers using Clock Enable       ; 1193  ;
; Number of registers using Preset             ; 0     ;
+----------------------------------------------+-------+


+------------------------------------------------------------------------------------------------------------------------------------------------------------------------------------------------+
; Multiplexer Restructuring Statistics (Restructuring Performed)                                                                                                                                 ;
+--------------------+-----------+---------------+----------------------+------------------------+------------+----------------------------------------------------------------------------------+
; Multiplexer Inputs ; Bus Width ; Baseline Area ; Area if Restructured ; Saving if Restructured ; Registered ; Example Multiplexer Output                                                       ;
+--------------------+-----------+---------------+----------------------+------------------------+------------+----------------------------------------------------------------------------------+
; 3:1                ; 8 bits    ; 16 LEs        ; 8 LEs                ; 8 LEs                  ; Yes        ; |uart_eeprom_demo|uart2eeprom_control:u_uart2eeprom_control|wr_byte_cnt[2]       ;
; 3:1                ; 32 bits   ; 64 LEs        ; 32 LEs               ; 32 LEs                 ; Yes        ; |uart_eeprom_demo|eeprom_iic_drv:u_eeprom_iic_drv|clk_cnt[12]                    ;
; 3:1                ; 560 bits  ; 1120 LEs      ; 560 LEs              ; 560 LEs                ; Yes        ; |uart_eeprom_demo|uart2eeprom_control:u_uart2eeprom_control|rx_data_shift[24][7] ;
; 3:1                ; 512 bits  ; 1024 LEs      ; 512 LEs              ; 512 LEs                ; Yes        ; |uart_eeprom_demo|eeprom2uart_control:u_eeprom2uart_control|tx_data_shift[3][7]  ;
; 3:1                ; 8 bits    ; 16 LEs        ; 8 LEs                ; 8 LEs                  ; Yes        ; |uart_eeprom_demo|uart_rx:u0_uart_rx|rx_data[4]                                  ;
; 3:1                ; 8 bits    ; 16 LEs        ; 8 LEs                ; 8 LEs                  ; Yes        ; |uart_eeprom_demo|eeprom_iic_drv:u_eeprom_iic_drv|rd_bits_shift[4]               ;
; 3:1                ; 8 bits    ; 16 LEs        ; 8 LEs                ; 8 LEs                  ; Yes        ; |uart_eeprom_demo|eeprom_iic_drv:u_eeprom_iic_drv|rd_byte_data[0]                ;
; 4:1                ; 8 bits    ; 16 LEs        ; 8 LEs                ; 8 LEs                  ; Yes        ; |uart_eeprom_demo|eeprom2uart_control:u_eeprom2uart_control|tx_byte_cnt[1]       ;
; 4:1                ; 8 bits    ; 16 LEs        ; 8 LEs                ; 8 LEs                  ; Yes        ; |uart_eeprom_demo|eeprom_iic_drv:u_eeprom_iic_drv|byte_cnt[5]                    ;
; 4:1                ; 4 bits    ; 8 LEs         ; 4 LEs                ; 4 LEs                  ; Yes        ; |uart_eeprom_demo|uart_tx:u1_uart_tx|bit_cnt[3]                                  ;
; 4:1                ; 16 bits   ; 32 LEs        ; 16 LEs               ; 16 LEs                 ; Yes        ; |uart_eeprom_demo|uart_tx:u1_uart_tx|cnt[11]                                     ;
; 4:1                ; 4 bits    ; 8 LEs         ; 4 LEs                ; 4 LEs                  ; Yes        ; |uart_eeprom_demo|uart_rx:u0_uart_rx|bit_cnt[0]                                  ;
; 4:1                ; 16 bits   ; 32 LEs        ; 16 LEs               ; 16 LEs                 ; Yes        ; |uart_eeprom_demo|uart_rx:u0_uart_rx|cnt[13]                                     ;
; 5:1                ; 4 bits    ; 12 LEs        ; 4 LEs                ; 8 LEs                  ; Yes        ; |uart_eeprom_demo|eeprom_iic_drv:u_eeprom_iic_drv|bit_cnt[1]                     ;
; 70:1               ; 8 bits    ; 368 LEs       ; 368 LEs              ; 0 LEs                  ; Yes        ; |uart_eeprom_demo|uart2eeprom_control:u_uart2eeprom_control|wr_byte_data[0]      ;
; 66:1               ; 8 bits    ; 352 LEs       ; 344 LEs              ; 8 LEs                  ; Yes        ; |uart_eeprom_demo|uart_tx:u1_uart_tx|tx_bits[1]                                  ;
; 3:1                ; 2 bits    ; 4 LEs         ; 4 LEs                ; 0 LEs                  ; No         ; |uart_eeprom_demo|eeprom_iic_drv:u_eeprom_iic_drv|n_state                        ;
; 70:1               ; 8 bits    ; 368 LEs       ; 368 LEs              ; 0 LEs                  ; No         ; |uart_eeprom_demo|uart2eeprom_control:u_uart2eeprom_control|Mux8                 ;
; 70:1               ; 8 bits    ; 368 LEs       ; 368 LEs              ; 0 LEs                  ; No         ; |uart_eeprom_demo|uart2eeprom_control:u_uart2eeprom_control|Mux7                 ;
+--------------------+-----------+---------------+----------------------+------------------------+------------+----------------------------------------------------------------------------------+


+----------------------------------------------------------------------------------+
; Parameter Settings for User Entity Instance: Top-level Entity: |uart_eeprom_demo ;
+----------------+---------+-------------------------------------------------------+
; Parameter Name ; Value   ; Type                                                  ;
+----------------+---------+-------------------------------------------------------+
; SYS_CLK_FRE    ; 50      ; Signed Integer                                        ;
; IIC_CLK_FRE    ; 400     ; Signed Integer                                        ;
; BAUD_RATE      ; 115200  ; Signed Integer                                        ;
; MAX_BYTE_NUM   ; 64      ; Signed Integer                                        ;
; DEV_ADDR       ; 1010000 ; Unsigned Binary                                       ;
; REG_ADDR_SIZE  ; 2       ; Signed Integer                                        ;
+----------------+---------+-------------------------------------------------------+
Note: In order to hide this table in the UI and the text report file, please set the "Show Parameter Settings in Synthesis Report" option in "Analysis and Synthesis Settings -> More Settings" to "Off".


+-----------------------------------------------------------------+
; Parameter Settings for User Entity Instance: uart_rx:u0_uart_rx ;
+----------------+--------+---------------------------------------+
; Parameter Name ; Value  ; Type                                  ;
+----------------+--------+---------------------------------------+
; CLK_FRE        ; 50     ; Signed Integer                        ;
; BAUD_RATE      ; 115200 ; Signed Integer                        ;
+----------------+--------+---------------------------------------+
Note: In order to hide this table in the UI and the text report file, please set the "Show Parameter Settings in Synthesis Report" option in "Analysis and Synthesis Settings -> More Settings" to "Off".


+----------------------------------------------------------------------------------------+
; Parameter Settings for User Entity Instance: uart2eeprom_control:u_uart2eeprom_control ;
+----------------+-------+---------------------------------------------------------------+
; Parameter Name ; Value ; Type                                                          ;
+----------------+-------+---------------------------------------------------------------+
; MAX_BYTE_NUM   ; 64    ; Signed Integer                                                ;
+----------------+-------+---------------------------------------------------------------+
Note: In order to hide this table in the UI and the text report file, please set the "Show Parameter Settings in Synthesis Report" option in "Analysis and Synthesis Settings -> More Settings" to "Off".


+------------------------------------------------------------------------------+
; Parameter Settings for User Entity Instance: eeprom_iic_drv:u_eeprom_iic_drv ;
+----------------+-------+-----------------------------------------------------+
; Parameter Name ; Value ; Type                                                ;
+----------------+-------+-----------------------------------------------------+
; SYS_CLK_FRE    ; 50    ; Signed Integer                                      ;
; IIC_CLK_FRE    ; 400   ; Signed Integer                                      ;
; REG_ADDR_SIZE  ; 2     ; Signed Integer                                      ;
+----------------+-------+-----------------------------------------------------+
Note: In order to hide this table in the UI and the text report file, please set the "Show Parameter Settings in Synthesis Report" option in "Analysis and Synthesis Settings -> More Settings" to "Off".


+----------------------------------------------------------------------------------------+
; Parameter Settings for User Entity Instance: eeprom2uart_control:u_eeprom2uart_control ;
+----------------+-------+---------------------------------------------------------------+
; Parameter Name ; Value ; Type                                                          ;
+----------------+-------+---------------------------------------------------------------+
; MAX_BYTE_NUM   ; 64    ; Signed Integer                                                ;
+----------------+-------+---------------------------------------------------------------+
Note: In order to hide this table in the UI and the text report file, please set the "Show Parameter Settings in Synthesis Report" option in "Analysis and Synthesis Settings -> More Settings" to "Off".


+-----------------------------------------------------------------+
; Parameter Settings for User Entity Instance: uart_tx:u1_uart_tx ;
+----------------+--------+---------------------------------------+
; Parameter Name ; Value  ; Type                                  ;
+----------------+--------+---------------------------------------+
; CLK_FRE        ; 50     ; Signed Integer                        ;
; BAUD_RATE      ; 115200 ; Signed Integer                        ;
+----------------+--------+---------------------------------------+
Note: In order to hide this table in the UI and the text report file, please set the "Show Parameter Settings in Synthesis Report" option in "Analysis and Synthesis Settings -> More Settings" to "Off".


+--------------------------------------------------------------------------------------------------------------------------------------------------------------------------------------------------------------+
; Port Connectivity Checks: "eeprom2uart_control:u_eeprom2uart_control"                                                                                                                                        ;
+------------------+--------+----------+-----------------------------------------------------------------------------------------------------------------------------------------------------------------------+
; Port             ; Type   ; Severity ; Details                                                                                                                                                               ;
+------------------+--------+----------+-----------------------------------------------------------------------------------------------------------------------------------------------------------------------+
; rd_byte_num_sub1 ; Output ; Warning  ; Output or bidir port (6 bits) is smaller than the port expression (8 bits) it drives.  The 2 most-significant bit(s) in the port expression will be connected to GND. ;
+------------------+--------+----------+-----------------------------------------------------------------------------------------------------------------------------------------------------------------------+


+------------------------------------------------------------------------------------------------------------------------------------------------------------------------------------------------------------------------+
; Port Connectivity Checks: "eeprom_iic_drv:u_eeprom_iic_drv"                                                                                                                                                            ;
+------------------+-------+----------+----------------------------------------------------------------------------------------------------------------------------------------------------------------------------------+
; Port             ; Type  ; Severity ; Details                                                                                                                                                                          ;
+------------------+-------+----------+----------------------------------------------------------------------------------------------------------------------------------------------------------------------------------+
; dev_addr[3..0]   ; Input ; Info     ; Stuck at GND                                                                                                                                                                     ;
; dev_addr[6]      ; Input ; Info     ; Stuck at VCC                                                                                                                                                                     ;
; dev_addr[5]      ; Input ; Info     ; Stuck at GND                                                                                                                                                                     ;
; dev_addr[4]      ; Input ; Info     ; Stuck at VCC                                                                                                                                                                     ;
; wr_byte_num_sub1 ; Input ; Warning  ; Input port expression (8 bits) is wider than the input port (6 bits) it drives.  The 2 most-significant bit(s) in the expression will be dangling if they have no other fanouts. ;
; rd_byte_num_sub1 ; Input ; Warning  ; Input port expression (8 bits) is wider than the input port (6 bits) it drives.  The 2 most-significant bit(s) in the expression will be dangling if they have no other fanouts. ;
+------------------+-------+----------+----------------------------------------------------------------------------------------------------------------------------------------------------------------------------------+


+----------------------------------------------------------------------------------------------------------------------------------+
; Port Connectivity Checks: "uart2eeprom_control:u_uart2eeprom_control"                                                            ;
+------------------------+--------+----------+-------------------------------------------------------------------------------------+
; Port                   ; Type   ; Severity ; Details                                                                             ;
+------------------------+--------+----------+-------------------------------------------------------------------------------------+
; wr_byte_num_sub1[7..6] ; Output ; Info     ; Connected to dangling logic. Logic that only feeds a dangling port will be removed. ;
+------------------------+--------+----------+-------------------------------------------------------------------------------------+


+-----------------------------------------------------+
; Post-Synthesis Netlist Statistics for Top Partition ;
+-----------------------+-----------------------------+
; Type                  ; Count                       ;
+-----------------------+-----------------------------+
; boundary_port         ; 6                           ;
; cycloneiii_ff         ; 1319                        ;
;     ENA               ; 1169                        ;
;     ENA SCLR          ; 24                          ;
;     SCLR              ; 89                          ;
;     SLD               ; 3                           ;
;     plain             ; 34                          ;
; cycloneiii_io_obuf    ; 1                           ;
; cycloneiii_lcell_comb ; 2912                        ;
;     arith             ; 103                         ;
;         2 data inputs ; 91                          ;
;         3 data inputs ; 12                          ;
;     normal            ; 2809                        ;
;         1 data inputs ; 11                          ;
;         2 data inputs ; 1123                        ;
;         3 data inputs ; 68                          ;
;         4 data inputs ; 1607                        ;
;                       ;                             ;
; Max LUT depth         ; 12.00                       ;
; Average LUT depth     ; 5.54                        ;
+-----------------------+-----------------------------+


+-------------------------------+
; Elapsed Time Per Partition    ;
+----------------+--------------+
; Partition Name ; Elapsed Time ;
+----------------+--------------+
; Top            ; 00:00:04     ;
+----------------+--------------+


+-------------------------------+
; Analysis & Synthesis Messages ;
+-------------------------------+
Info: *******************************************************************
Info: Running Quartus Prime Analysis & Synthesis
    Info: Version 22.1std.2 Build 922 07/20/2023 SC Lite Edition
    Info: Processing started: Fri Feb 27 12:52:52 2026
Info: Command: quartus_map --read_settings_files=on --write_settings_files=off iic_eeprom -c iic_eeprom
Warning (18236): Number of processors has not been specified which may cause overloading on shared machines.  Set the global assignment NUM_PARALLEL_PROCESSORS in your QSF to an appropriate value for best performance.
Info (20030): Parallel compilation is enabled and will use 16 of the 16 processors detected
Info (12021): Found 1 design units, including 1 entities, in source file /software/fpga/fpga_project/iic_eeprom/rtl/uart2eeprom_control.v
    Info (12023): Found entity 1: uart2eeprom_control File: D:/Software/FPGA/FPGA_Project/IIC_EEPROM/rtl/uart2eeprom_control.v Line: 3
Info (12021): Found 1 design units, including 1 entities, in source file /software/fpga/fpga_project/iic_eeprom/rtl/uart_tx_v3_f47.v
    Info (12023): Found entity 1: uart_tx File: D:/Software/FPGA/FPGA_Project/IIC_EEPROM/rtl/uart_tx_v3_f47.v Line: 1
Info (12021): Found 1 design units, including 1 entities, in source file /software/fpga/fpga_project/iic_eeprom/rtl/uart_rx_v3_f47.v
    Info (12023): Found entity 1: uart_rx File: D:/Software/FPGA/FPGA_Project/IIC_EEPROM/rtl/uart_rx_v3_f47.v Line: 2
Info (12021): Found 1 design units, including 1 entities, in source file /software/fpga/fpga_project/iic_eeprom/rtl/uart_eeprom_demo.v
    Info (12023): Found entity 1: uart_eeprom_demo File: D:/Software/FPGA/FPGA_Project/IIC_EEPROM/rtl/uart_eeprom_demo.v Line: 20
Info (12021): Found 1 design units, including 1 entities, in source file /software/fpga/fpga_project/iic_eeprom/rtl/eeprom2uart_control.v
    Info (12023): Found entity 1: eeprom2uart_control File: D:/Software/FPGA/FPGA_Project/IIC_EEPROM/rtl/eeprom2uart_control.v Line: 3
Info (12021): Found 1 design units, including 1 entities, in source file /software/fpga/fpga_project/iic_eeprom/rtl/eeprom_iic_drv_f47.v
    Info (12023): Found entity 1: eeprom_iic_drv File: D:/Software/FPGA/FPGA_Project/IIC_EEPROM/rtl/eeprom_iic_drv_f47.v Line: 29
Info (12127): Elaborating entity "uart_eeprom_demo" for the top level hierarchy
Info (12128): Elaborating entity "uart_rx" for hierarchy "uart_rx:u0_uart_rx" File: D:/Software/FPGA/FPGA_Project/IIC_EEPROM/rtl/uart_eeprom_demo.v Line: 77
Warning (10230): Verilog HDL assignment warning at uart_rx_v3_f47.v(46): truncated value with size 32 to match size of target (16) File: D:/Software/FPGA/FPGA_Project/IIC_EEPROM/rtl/uart_rx_v3_f47.v Line: 46
Warning (10230): Verilog HDL assignment warning at uart_rx_v3_f47.v(55): truncated value with size 32 to match size of target (4) File: D:/Software/FPGA/FPGA_Project/IIC_EEPROM/rtl/uart_rx_v3_f47.v Line: 55
Info (12128): Elaborating entity "uart2eeprom_control" for hierarchy "uart2eeprom_control:u_uart2eeprom_control" File: D:/Software/FPGA/FPGA_Project/IIC_EEPROM/rtl/uart_eeprom_demo.v Line: 97
Warning (10230): Verilog HDL assignment warning at uart2eeprom_control.v(62): truncated value with size 32 to match size of target (8) File: D:/Software/FPGA/FPGA_Project/IIC_EEPROM/rtl/uart2eeprom_control.v Line: 62
Warning (10230): Verilog HDL assignment warning at uart2eeprom_control.v(116): truncated value with size 32 to match size of target (8) File: D:/Software/FPGA/FPGA_Project/IIC_EEPROM/rtl/uart2eeprom_control.v Line: 116
Info (12128): Elaborating entity "eeprom_iic_drv" for hierarchy "eeprom_iic_drv:u_eeprom_iic_drv" File: D:/Software/FPGA/FPGA_Project/IIC_EEPROM/rtl/uart_eeprom_demo.v Line: 137
Warning (10230): Verilog HDL assignment warning at eeprom_iic_drv_f47.v(187): truncated value with size 32 to match size of target (4) File: D:/Software/FPGA/FPGA_Project/IIC_EEPROM/rtl/eeprom_iic_drv_f47.v Line: 187
Warning (10230): Verilog HDL assignment warning at eeprom_iic_drv_f47.v(197): truncated value with size 32 to match size of target (8) File: D:/Software/FPGA/FPGA_Project/IIC_EEPROM/rtl/eeprom_iic_drv_f47.v Line: 197
Info (10264): Verilog HDL Case Statement information at eeprom_iic_drv_f47.v(225): all case item expressions in this case statement are onehot File: D:/Software/FPGA/FPGA_Project/IIC_EEPROM/rtl/eeprom_iic_drv_f47.v Line: 225
Info (12128): Elaborating entity "eeprom2uart_control" for hierarchy "eeprom2uart_control:u_eeprom2uart_control" File: D:/Software/FPGA/FPGA_Project/IIC_EEPROM/rtl/uart_eeprom_demo.v Line: 165
Warning (10230): Verilog HDL assignment warning at eeprom2uart_control.v(65): truncated value with size 32 to match size of target (6) File: D:/Software/FPGA/FPGA_Project/IIC_EEPROM/rtl/eeprom2uart_control.v Line: 65
Warning (10230): Verilog HDL assignment warning at eeprom2uart_control.v(167): truncated value with size 32 to match size of target (8) File: D:/Software/FPGA/FPGA_Project/IIC_EEPROM/rtl/eeprom2uart_control.v Line: 167
Info (12128): Elaborating entity "uart_tx" for hierarchy "uart_tx:u1_uart_tx" File: D:/Software/FPGA/FPGA_Project/IIC_EEPROM/rtl/uart_eeprom_demo.v Line: 177
Warning (10230): Verilog HDL assignment warning at uart_tx_v3_f47.v(45): truncated value with size 32 to match size of target (16) File: D:/Software/FPGA/FPGA_Project/IIC_EEPROM/rtl/uart_tx_v3_f47.v Line: 45
Warning (10230): Verilog HDL assignment warning at uart_tx_v3_f47.v(62): truncated value with size 32 to match size of target (4) File: D:/Software/FPGA/FPGA_Project/IIC_EEPROM/rtl/uart_tx_v3_f47.v Line: 62
Warning (12011): Net is missing source, defaulting to GND
    Warning (12110): Net "rd_byte_num_sub1[7]" is missing source, defaulting to GND File: D:/Software/FPGA/FPGA_Project/IIC_EEPROM/rtl/uart_eeprom_demo.v Line: 61
    Warning (12110): Net "rd_byte_num_sub1[6]" is missing source, defaulting to GND File: D:/Software/FPGA/FPGA_Project/IIC_EEPROM/rtl/uart_eeprom_demo.v Line: 61
Warning (12011): Net is missing source, defaulting to GND
    Warning (12110): Net "rd_byte_num_sub1[7]" is missing source, defaulting to GND File: D:/Software/FPGA/FPGA_Project/IIC_EEPROM/rtl/uart_eeprom_demo.v Line: 61
    Warning (12110): Net "rd_byte_num_sub1[6]" is missing source, defaulting to GND File: D:/Software/FPGA/FPGA_Project/IIC_EEPROM/rtl/uart_eeprom_demo.v Line: 61
Warning (12011): Net is missing source, defaulting to GND
    Warning (12110): Net "rd_byte_num_sub1[7]" is missing source, defaulting to GND File: D:/Software/FPGA/FPGA_Project/IIC_EEPROM/rtl/uart_eeprom_demo.v Line: 61
    Warning (12110): Net "rd_byte_num_sub1[6]" is missing source, defaulting to GND File: D:/Software/FPGA/FPGA_Project/IIC_EEPROM/rtl/uart_eeprom_demo.v Line: 61
Warning (12241): 2 hierarchies have connectivity warnings - see the Connectivity Checks report folder
Info (286030): Timing-Driven Synthesis is running
Info (17049): 8 registers lost all their fanouts during netlist optimizations.
Info (16010): Generating hard_block partition "hard_block:auto_generated_inst"
    Info (16011): Adding 0 node(s), including 0 DDIO, 0 PLL, 0 transceiver and 0 LCELL
Info (21057): Implemented 2993 device resources after synthesis - the final resource count might be different
    Info (21058): Implemented 3 input pins
    Info (21059): Implemented 2 output pins
    Info (21060): Implemented 1 bidirectional pins
    Info (21061): Implemented 2987 logic cells
Info: Quartus Prime Analysis & Synthesis was successful. 0 errors, 21 warnings
    Info: Peak virtual memory: 4859 megabytes
    Info: Processing ended: Fri Feb 27 12:53:05 2026
    Info: Elapsed time: 00:00:13
    Info: Total CPU time (on all processors): 00:00:26


