Flow report for iic_eeprom
Fri Feb 27 12:53:31 2026
Quartus Prime Version 22.1std.2 Build 922 07/20/2023 SC Lite Edition


---------------------
; Table of Contents ;
---------------------
  1. Legal Notice
  2. Flow Summary
  3. Flow Settings
  4. Flow Non-Default Global Settings
  5. Flow Elapsed Time
  6. Flow OS Summary
  7. Flow Log
  8. Flow Messages
  9. Flow Suppressed Messages



----------------
; Legal Notice ;
----------------
Copyright (C) 2023  Intel Corporation. All rights reserved.
Your use of Intel Corporation's design tools, logic functions 
and other software and tools, and any partner logic 
functions, and any output files from any of the foregoing 
(including device programming or simulation files), and any 
associated documentation or information are expressly subject 
to the terms and conditions of the Intel Program License 
Subscription Agreement, the Intel Quartus Prime License Agreement,
the Intel FPGA IP License Agreement, or other applicable license
agreement, including, without limitation, that your use is for
the sole purpose of programming logic devices manufactured by
Intel and sold by Intel or its authorized distributors.  Please
refer to the applicable agreement for further details, at
https://fpgasoftware.intel.com/eula.



+-------------------------------------------------------------------------------------+
; Flow Summary                                                                        ;
+------------------------------------+------------------------------------------------+
; Flow Status                        ; Successful - Fri Feb 27 12:53:31 2026          ;
; Quartus Prime Version              ; 22.1std.2 Build 922 07/20/2023 SC Lite Edition ;
; Revision Name                      ; iic_eeprom                                     ;
; Top-level Entity Name              ; uart_eeprom_demo                               ;
; Family                             ; Cyclone IV E                                   ;
; Device                             ; EP4CE6E22C8                                    ;
; Timing Models                      ; Final                                          ;
; Total logic elements               ; 2,949 / 6,272 ( 47 % )                         ;
;     Total combinational functions  ; 2,912 / 6,272 ( 46 % )                         ;
;     Dedicated logic registers      ; 1,319 / 6,272 ( 21 % )                         ;
; Total registers                    ; 1319                                           ;
; Total pins                         ; 6 / 92 ( 7 % )                                 ;
; Total virtual pins                 ; 0                                              ;
; Total memory bits                  ; 0 / 276,480 ( 0 % )                            ;
; Embedded Multiplier 9-bit elements ; 0 / 30 ( 0 % )                                 ;
; Total PLLs                         ; 0 / 2 ( 0 % )                                  ;
+------------------------------------+------------------------------------------------+


+-----------------------------------------+
; Flow Settings                           ;
+-------------------+---------------------+
; Option            ; Setting             ;
+-------------------+---------------------+
; Start date & time ; 02/27/2026 12:52:53 ;
; Main task         ; Compilation         ;
; Revision Name     ; iic_eeprom          ;
+-------------------+---------------------+


+-----------------------------------------------------------------------------------------------------------------------------------------------------+
; Flow Non-Default Global Settings                                                                                                                    ;
+-------------------------------------+----------------------------------------+---------------+------------------+-----------------------------------+
; Assignment Name                     ; Value                                  ; Default Value ; Entity Name      ; Section Id                        ;
+-------------------------------------+----------------------------------------+---------------+------------------+-----------------------------------+
; COMPILER_SIGNATURE_ID               ; 91758975889.177216797324660            ; --            ; --               ; --                                ;
; EDA_GENERATE_FUNCTIONAL_NETLIST     ; Off                                    ; --            ; --               ; eda_board_design_timing           ;
; EDA_GENERATE_FUNCTIONAL_NETLIST     ; Off                                    ; --            ; --               ; eda_board_design_boundary_scan    ;
; EDA_GENERATE_FUNCTIONAL_NETLIST     ; Off                                    ; --            ; --               ; eda_board_design_signal_integrity ;
; EDA_GENERATE_FUNCTIONAL_NETLIST     ; Off                                    ; --            ; --               ; eda_board_design_symbol           ;
; EDA_OUTPUT_DATA_FORMAT              ; Verilog Hdl                            ; --            ; --               ; eda_simulation                    ;
; EDA_SIMULATION_TOOL                 ; ModelSim (Verilog)                     ; <None>        ; --               ; --                                ;
; EDA_TIME_SCALE                      ; 1 ps                                   ; --            ; --               ; eda_simulation                    ;
; MAX_CORE_JUNCTION_TEMP              ; 85                                     ; --            ; --               ; --                                ;
; MIN_CORE_JUNCTION_TEMP              ; 0                                      ; --            ; --               ; --                                ;
; NOMINAL_CORE_SUPPLY_VOLTAGE         ; 1.2V                                   ; --            ; --               ; --                                ;
; PARTITION_COLOR                     ; -- (Not supported for targeted family) ; --            ; uart_eeprom_demo ; Top                               ;
; PARTITION_FITTER_PRESERVATION_LEVEL ; -- (Not supported for targeted family) ; --            ; uart_eeprom_demo ; Top                               ;
; PARTITION_NETLIST_TYPE              ; -- (Not supported for targeted family) ; --            ; uart_eeprom_demo ; Top                               ;
; POWER_BOARD_THERMAL_MODEL           ; None (CONSERVATIVE)                    ; --            ; --               ; --                                ;
; POWER_PRESET_COOLING_SOLUTION       ; 23 MM HEAT SINK WITH 200 LFPM AIRFLOW  ; --            ; --               ; --                                ;
; PROJECT_OUTPUT_DIRECTORY            ; output_files                           ; --            ; --               ; --                                ;
; TOP_LEVEL_ENTITY                    ; uart_eeprom_demo                       ; iic_eeprom    ; --               ; --                                ;
+-------------------------------------+----------------------------------------+---------------+------------------+-----------------------------------+


+--------------------------------------------------------------------------------------------------------------------------+
; Flow Elapsed Time                                                                                                        ;
+----------------------+--------------+-------------------------+---------------------+------------------------------------+
; Module Name          ; Elapsed Time ; Average Processors Used ; Peak Virtual Memory ; Total CPU Time (on all processors) ;
+----------------------+--------------+-------------------------+---------------------+------------------------------------+
; Analysis & Synthesis ; 00:00:12     ; 1.0                     ; 4859 MB             ; 00:00:25                           ;
; Fitter               ; 00:00:16     ; 1.3                     ; 6552 MB             ; 00:00:34                           ;
; Assembler            ; 00:00:01     ; 1.0                     ; 4711 MB             ; 00:00:01                           ;
; Timing Analyzer      ; 00:00:03     ; 1.6                     ; 4931 MB             ; 00:00:03                           ;
; EDA Netlist Writer   ; 00:00:01     ; 1.0                     ; 4654 MB             ; 00:00:01                           ;
; Total                ; 00:00:33     ; --                      ; --                  ; 00:01:04                           ;
+----------------------+--------------+-------------------------+---------------------+------------------------------------+


+------------------------------------------------------------------------------------+
; Flow OS Summary                                                                    ;
+----------------------+------------------+------------+------------+----------------+
; Module Name          ; Machine Hostname ; OS Name    ; OS Version ; Processor type ;
+----------------------+------------------+------------+------------+----------------+
; Analysis & Synthesis ; DESKTOP-9SLOCR5  ; Windows 10 ; 10.0       ; x86_64         ;
; Fitter               ; DESKTOP-9SLOCR5  ; Windows 10 ; 10.0       ; x86_64         ;
; Assembler            ; DESKTOP-9SLOCR5  ; Windows 10 ; 10.0       ; x86_64         ;
; Timing Analyzer      ; DESKTOP-9SLOCR5  ; Windows 10 ; 10.0       ; x86_64         ;
; EDA Netlist Writer   ; DESKTOP-9SLOCR5  ; Windows 10 ; 10.0       ; x86_64         ;
+----------------------+------------------+------------+------------+----------------+


------------
; Flow Log ;
------------
quartus_map --read_settings_files=on --write_settings_files=off iic_eeprom -c iic_eeprom
quartus_fit --read_settings_files=off --write_settings_files=off iic_eeprom -c iic_eeprom
quartus_asm --read_settings_files=off --write_settings_files=off iic_eeprom -c iic_eeprom
quartus_sta iic_eeprom -c iic_eeprom
quartus_eda --read_settings_files=off --write_settings_files=off iic_eeprom -c iic_eeprom



