Flow report for infrared_rec
Thu Jan 29 19:29:05 2026
Quartus Prime Version 22.1std.2 Build 922 07/20/2023 SC Lite Edition


---------------------
; Table of Contents ;
---------------------
  1. Legal Notice
  2. Flow Summary
  3. Flow Settings
  4. Flow Non-Default Global Settings
  5. Flow Elapsed Time
  6. Flow OS Summary
  7. Flow Log
  8. Flow Messages
  9. Flow Suppressed Messages



----------------
; Legal Notice ;
----------------
Copyright (C) 2023  Intel Corporation. All rights reserved.
Your use of Intel Corporation's design tools, logic functions 
and other software and tools, and any partner logic 
functions, and any output files from any of the foregoing 
(including device programming or simulation files), and any 
associated documentation or information are expressly subject 
to the terms and conditions of the Intel Program License 
Subscription Agreement, the Intel Quartus Prime License Agreement,
the Intel FPGA IP License Agreement, or other applicable license
agreement, including, without limitation, that your use is for
the sole purpose of programming logic devices manufactured by
Intel and sold by Intel or its authorized distributors.  Please
refer to the applicable agreement for further details, at
https://fpgasoftware.intel.com/eula.



+-------------------------------------------------------------------------------------+
; Flow Summary                                                                        ;
+------------------------------------+------------------------------------------------+
; Flow Status                        ; Successful - Thu Jan 29 19:29:05 2026          ;
; Quartus Prime Version              ; 22.1std.2 Build 922 07/20/2023 SC Lite Edition ;
; Revision Name                      ; infrared_rec                                   ;
; Top-level Entity Name              ; top_infrared_rec_v2                            ;
; Family                             ; Cyclone IV E                                   ;
; Device                             ; EP4CE6E22C8                                    ;
; Timing Models                      ; Final                                          ;
; Total logic elements               ; 148 / 6,272 ( 2 % )                            ;
;     Total combinational functions  ; 135 / 6,272 ( 2 % )                            ;
;     Dedicated logic registers      ; 86 / 6,272 ( 1 % )                             ;
; Total registers                    ; 86                                             ;
; Total pins                         ; 16 / 92 ( 17 % )                               ;
; Total virtual pins                 ; 0                                              ;
; Total memory bits                  ; 0 / 276,480 ( 0 % )                            ;
; Embedded Multiplier 9-bit elements ; 0 / 30 ( 0 % )                                 ;
; Total PLLs                         ; 0 / 2 ( 0 % )                                  ;
+------------------------------------+------------------------------------------------+


+-----------------------------------------+
; Flow Settings                           ;
+-------------------+---------------------+
; Option            ; Setting             ;
+-------------------+---------------------+
; Start date & time ; 01/29/2026 19:28:27 ;
; Main task         ; Compilation         ;
; Revision Name     ; infrared_rec        ;
+-------------------+---------------------+


+---------------------------------------------------------------------------------------------------------------------------------------------------------+
; Flow Non-Default Global Settings                                                                                                                        ;
+--------------------------------------+----------------------------------------+---------------+---------------------+-----------------------------------+
; Assignment Name                      ; Value                                  ; Default Value ; Entity Name         ; Section Id                        ;
+--------------------------------------+----------------------------------------+---------------+---------------------+-----------------------------------+
; COMPILER_SIGNATURE_ID                ; 91765306345.176968610624324            ; --            ; --                  ; --                                ;
; EDA_DESIGN_INSTANCE_NAME             ; NA                                     ; --            ; --                  ; tb_ir_rec                         ;
; EDA_GENERATE_FUNCTIONAL_NETLIST      ; Off                                    ; --            ; --                  ; eda_board_design_timing           ;
; EDA_GENERATE_FUNCTIONAL_NETLIST      ; Off                                    ; --            ; --                  ; eda_board_design_boundary_scan    ;
; EDA_GENERATE_FUNCTIONAL_NETLIST      ; Off                                    ; --            ; --                  ; eda_board_design_signal_integrity ;
; EDA_GENERATE_FUNCTIONAL_NETLIST      ; Off                                    ; --            ; --                  ; eda_board_design_symbol           ;
; EDA_NATIVELINK_SIMULATION_TEST_BENCH ; tb_ir_rec                              ; --            ; --                  ; eda_simulation                    ;
; EDA_OUTPUT_DATA_FORMAT               ; Verilog Hdl                            ; --            ; --                  ; eda_simulation                    ;
; EDA_SIMULATION_TOOL                  ; ModelSim (Verilog)                     ; <None>        ; --                  ; --                                ;
; EDA_TEST_BENCH_ENABLE_STATUS         ; TEST_BENCH_MODE                        ; --            ; --                  ; eda_simulation                    ;
; EDA_TEST_BENCH_FILE                  ; ../rtl/tb_ir_rec.v                     ; --            ; --                  ; tb_ir_rec                         ;
; EDA_TEST_BENCH_MODULE_NAME           ; tb_ir_rec                              ; --            ; --                  ; tb_ir_rec                         ;
; EDA_TEST_BENCH_NAME                  ; tb_ir_rec                              ; --            ; --                  ; eda_simulation                    ;
; EDA_TIME_SCALE                       ; 1 ps                                   ; --            ; --                  ; eda_simulation                    ;
; MAX_CORE_JUNCTION_TEMP               ; 85                                     ; --            ; --                  ; --                                ;
; MIN_CORE_JUNCTION_TEMP               ; 0                                      ; --            ; --                  ; --                                ;
; NOMINAL_CORE_SUPPLY_VOLTAGE          ; 1.2V                                   ; --            ; --                  ; --                                ;
; PARTITION_COLOR                      ; -- (Not supported for targeted family) ; --            ; top_infrared_rec_v2 ; Top                               ;
; PARTITION_FITTER_PRESERVATION_LEVEL  ; -- (Not supported for targeted family) ; --            ; top_infrared_rec_v2 ; Top                               ;
; PARTITION_NETLIST_TYPE               ; -- (Not supported for targeted family) ; --            ; top_infrared_rec_v2 ; Top                               ;
; POWER_BOARD_THERMAL_MODEL            ; None (CONSERVATIVE)                    ; --            ; --                  ; --                                ;
; POWER_PRESET_COOLING_SOLUTION        ; 23 MM HEAT SINK WITH 200 LFPM AIRFLOW  ; --            ; --                  ; --                                ;
; PROJECT_OUTPUT_DIRECTORY             ; output_files                           ; --            ; --                  ; --                                ;
; TOP_LEVEL_ENTITY                     ; top_infrared_rec_v2                    ; infrared_rec  ; --                  ; --                                ;
+--------------------------------------+----------------------------------------+---------------+---------------------+-----------------------------------+


+--------------------------------------------------------------------------------------------------------------------------+
; Flow Elapsed Time                                                                                                        ;
+----------------------+--------------+-------------------------+---------------------+------------------------------------+
; Module Name          ; Elapsed Time ; Average Processors Used ; Peak Virtual Memory ; Total CPU Time (on all processors) ;
+----------------------+--------------+-------------------------+---------------------+------------------------------------+
; Analysis & Synthesis ; 00:00:16     ; 1.0                     ; 4839 MB             ; 00:00:43                           ;
; Fitter               ; 00:00:09     ; 1.2                     ; 6502 MB             ; 00:00:13                           ;
; Assembler            ; 00:00:01     ; 1.0                     ; 4703 MB             ; 00:00:02                           ;
; Timing Analyzer      ; 00:00:03     ; 1.1                     ; 4870 MB             ; 00:00:03                           ;
; EDA Netlist Writer   ; 00:00:02     ; 1.0                     ; 4645 MB             ; 00:00:01                           ;
; Total                ; 00:00:31     ; --                      ; --                  ; 00:01:02                           ;
+----------------------+--------------+-------------------------+---------------------+------------------------------------+


+------------------------------------------------------------------------------------+
; Flow OS Summary                                                                    ;
+----------------------+------------------+------------+------------+----------------+
; Module Name          ; Machine Hostname ; OS Name    ; OS Version ; Processor type ;
+----------------------+------------------+------------+------------+----------------+
; Analysis & Synthesis ; DESKTOP-9SLOCR5  ; Windows 10 ; 10.0       ; x86_64         ;
; Fitter               ; DESKTOP-9SLOCR5  ; Windows 10 ; 10.0       ; x86_64         ;
; Assembler            ; DESKTOP-9SLOCR5  ; Windows 10 ; 10.0       ; x86_64         ;
; Timing Analyzer      ; DESKTOP-9SLOCR5  ; Windows 10 ; 10.0       ; x86_64         ;
; EDA Netlist Writer   ; DESKTOP-9SLOCR5  ; Windows 10 ; 10.0       ; x86_64         ;
+----------------------+------------------+------------+------------+----------------+


------------
; Flow Log ;
------------
quartus_map --read_settings_files=on --write_settings_files=off infrared_rec -c infrared_rec
quartus_fit --read_settings_files=off --write_settings_files=off infrared_rec -c infrared_rec
quartus_asm --read_settings_files=off --write_settings_files=off infrared_rec -c infrared_rec
quartus_sta infrared_rec -c infrared_rec
quartus_eda --read_settings_files=off --write_settings_files=off infrared_rec -c infrared_rec



